# JRE version: OpenJDK Runtime Environment (8.0_152-b01) (build 1.8.0_152-release-1343-b01)
# Java VM: OpenJDK 64-Bit Server VM (25.152-b01 mixed mode windows-amd64 compressed oops)
Heap:
 PSYoungGen      total 286720K, used 56112K [0x00000000e0000000, 0x00000000f6480000, 0x0000000100000000)
  eden space 242176K, 18% used [0x00000000e0000000,0x00000000e2bd7298,0x00000000eec80000)
  from space 44544K, 25% used [0x00000000eec80000,0x00000000ef7750d8,0x00000000f1800000)
  to   space 43008K, 0% used [0x00000000f3a80000,0x00000000f3a80000,0x00000000f6480000)
 ParOldGen       total 389632K, used 78004K [0x00000000a0000000, 0x00000000b7c80000, 0x00000000e0000000)
  object space 389632K, 20% used [0x00000000a0000000,0x00000000a4c2d278,0x00000000b7c80000)
 Metaspace       used 95008K, capacity 98844K, committed 99672K, reserved 1136640K
  class space    used 11733K, capacity 12448K, committed 12672K, reserved 1048576K
GC Heap History (10 events):
Event: 448.616 GC heap before
{Heap before GC invocations=21 (full 3):
 PSYoungGen      total 242176K, used 146660K [0x00000000e0000000, 0x00000000f1500000, 0x0000000100000000)
  eden space 218112K, 56% used [0x00000000e0000000,0x00000000e77cc388,0x00000000ed500000)
  from space 24064K, 99% used [0x00000000eda00000,0x00000000ef16cf08,0x00000000ef180000)
  to   space 32768K, 0% used [0x00000000ef500000,0x00000000ef500000,0x00000000f1500000)
 ParOldGen       total 265728K, used 39237K [0x00000000a0000000, 0x00000000b0380000, 0x00000000e0000000)
  object space 265728K, 14% used [0x00000000a0000000,0x00000000a2651568,0x00000000b0380000)
 Metaspace       used 94172K, capacity 98348K, committed 98496K, reserved 1134592K
  class space    used 11795K, capacity 12556K, committed 12672K, reserved 1048576K
Event: 448.713 GC heap after
Heap after GC invocations=21 (full 3):
 PSYoungGen      total 238080K, used 32737K [0x00000000e0000000, 0x00000000f5800000, 0x0000000100000000)
  eden space 205312K, 0% used [0x00000000e0000000,0x00000000e0000000,0x00000000ec880000)
  from space 32768K, 99% used [0x00000000ef500000,0x00000000f14f8778,0x00000000f1500000)
  to   space 45568K, 0% used [0x00000000ec880000,0x00000000ec880000,0x00000000ef500000)
 ParOldGen       total 265728K, used 62093K [0x00000000a0000000, 0x00000000b0380000, 0x00000000e0000000)
  object space 265728K, 23% used [0x00000000a0000000,0x00000000a3ca3518,0x00000000b0380000)
 Metaspace       used 94172K, capacity 98348K, committed 98496K, reserved 1134592K
  class space    used 11795K, capacity 12556K, committed 12672K, reserved 1048576K
}
Event: 448.713 GC heap before
{Heap before GC invocations=22 (full 4):
 PSYoungGen      total 238080K, used 32737K [0x00000000e0000000, 0x00000000f5800000, 0x0000000100000000)
  eden space 205312K, 0% used [0x00000000e0000000,0x00000000e0000000,0x00000000ec880000)
  from space 32768K, 99% used [0x00000000ef500000,0x00000000f14f8778,0x00000000f1500000)
  to   space 45568K, 0% used [0x00000000ec880000,0x00000000ec880000,0x00000000ef500000)
 ParOldGen       total 265728K, used 62093K [0x00000000a0000000, 0x00000000b0380000, 0x00000000e0000000)
  object space 265728K, 23% used [0x00000000a0000000,0x00000000a3ca3518,0x00000000b0380000)
 Metaspace       used 94172K, capacity 98348K, committed 98496K, reserved 1134592K
  class space    used 11795K, capacity 12556K, committed 12672K, reserved 1048576K
Event: 449.209 GC heap after
Heap after GC invocations=22 (full 4):
 PSYoungGen      total 238080K, used 0K [0x00000000e0000000, 0x00000000f5800000, 0x0000000100000000)
  eden space 205312K, 0% used [0x00000000e0000000,0x00000000e0000000,0x00000000ec880000)
  from space 32768K, 0% used [0x00000000ef500000,0x00000000ef500000,0x00000000f1500000)
  to   space 45568K, 0% used [0x00000000ec880000,0x00000000ec880000,0x00000000ef500000)
 ParOldGen       total 389632K, used 77988K [0x00000000a0000000, 0x00000000b7c80000, 0x00000000e0000000)
  object space 389632K, 20% used [0x00000000a0000000,0x00000000a4c29278,0x00000000b7c80000)
 Metaspace       used 91571K, capacity 95134K, committed 98496K, reserved 1134592K
  class space    used 11505K, capacity 12187K, committed 12672K, reserved 1048576K
}
Event: 676.819 GC heap before
{Heap before GC invocations=23 (full 4):
 PSYoungGen      total 238080K, used 205312K [0x00000000e0000000, 0x00000000f5800000, 0x0000000100000000)
  eden space 205312K, 100% used [0x00000000e0000000,0x00000000ec880000,0x00000000ec880000)
  from space 32768K, 0% used [0x00000000ef500000,0x00000000ef500000,0x00000000f1500000)
  to   space 45568K, 0% used [0x00000000ec880000,0x00000000ec880000,0x00000000ef500000)
 ParOldGen       total 389632K, used 77988K [0x00000000a0000000, 0x00000000b7c80000, 0x00000000e0000000)
  object space 389632K, 20% used [0x00000000a0000000,0x00000000a4c29278,0x00000000b7c80000)
 Metaspace       used 92147K, capacity 95910K, committed 98496K, reserved 1134592K
  class space    used 11532K, capacity 12237K, committed 12672K, reserved 1048576K
Event: 676.839 GC heap after
Heap after GC invocations=23 (full 4):
 PSYoungGen      total 250880K, used 5280K [0x00000000e0000000, 0x00000000f4880000, 0x0000000100000000)
  eden space 205312K, 0% used [0x00000000e0000000,0x00000000e0000000,0x00000000ec880000)
  from space 45568K, 11% used [0x00000000ec880000,0x00000000ecda8020,0x00000000ef500000)
  to   space 45568K, 0% used [0x00000000f1c00000,0x00000000f1c00000,0x00000000f4880000)
 ParOldGen       total 389632K, used 77996K [0x00000000a0000000, 0x00000000b7c80000, 0x00000000e0000000)
  object space 389632K, 20% used [0x00000000a0000000,0x00000000a4c2b278,0x00000000b7c80000)
 Metaspace       used 92147K, capacity 95910K, committed 98496K, reserved 1134592K
  class space    used 11532K, capacity 12237K, committed 12672K, reserved 1048576K
}
Event: 683.559 GC heap before
{Heap before GC invocations=24 (full 4):
 PSYoungGen      total 250880K, used 210592K [0x00000000e0000000, 0x00000000f4880000, 0x0000000100000000)
  eden space 205312K, 100% used [0x00000000e0000000,0x00000000ec880000,0x00000000ec880000)
  from space 45568K, 11% used [0x00000000ec880000,0x00000000ecda8020,0x00000000ef500000)
  to   space 45568K, 0% used [0x00000000f1c00000,0x00000000f1c00000,0x00000000f4880000)
 ParOldGen       total 389632K, used 77996K [0x00000000a0000000, 0x00000000b7c80000, 0x00000000e0000000)
  object space 389632K, 20% used [0x00000000a0000000,0x00000000a4c2b278,0x00000000b7c80000)
 Metaspace       used 93443K, capacity 97176K, committed 98496K, reserved 1134592K
  class space    used 11632K, capacity 12342K, committed 12672K, reserved 1048576K
Event: 683.587 GC heap after
Heap after GC invocations=24 (full 4):
 PSYoungGen      total 282624K, used 11507K [0x00000000e0000000, 0x00000000f4380000, 0x0000000100000000)
  eden space 242176K, 0% used [0x00000000e0000000,0x00000000e0000000,0x00000000eec80000)
  from space 40448K, 28% used [0x00000000f1c00000,0x00000000f273cea8,0x00000000f4380000)
  to   space 44544K, 0% used [0x00000000eec80000,0x00000000eec80000,0x00000000f1800000)
 ParOldGen       total 389632K, used 77996K [0x00000000a0000000, 0x00000000b7c80000, 0x00000000e0000000)
  object space 389632K, 20% used [0x00000000a0000000,0x00000000a4c2b278,0x00000000b7c80000)
 Metaspace       used 93443K, capacity 97176K, committed 98496K, reserved 1134592K
  class space    used 11632K, capacity 12342K, committed 12672K, reserved 1048576K
}
Event: 1358.721 GC heap before
{Heap before GC invocations=25 (full 4):
 PSYoungGen      total 282624K, used 253683K [0x00000000e0000000, 0x00000000f4380000, 0x0000000100000000)
  eden space 242176K, 100% used [0x00000000e0000000,0x00000000eec80000,0x00000000eec80000)
  from space 40448K, 28% used [0x00000000f1c00000,0x00000000f273cea8,0x00000000f4380000)
  to   space 44544K, 0% used [0x00000000eec80000,0x00000000eec80000,0x00000000f1800000)
 ParOldGen       total 389632K, used 77996K [0x00000000a0000000, 0x00000000b7c80000, 0x00000000e0000000)
  object space 389632K, 20% used [0x00000000a0000000,0x00000000a4c2b278,0x00000000b7c80000)
 Metaspace       used 94957K, capacity 98780K, committed 99416K, reserved 1136640K
  class space    used 11733K, capacity 12448K, committed 12672K, reserved 1048576K
Event: 1358.784 GC heap after
Heap after GC invocations=25 (full 4):
 PSYoungGen      total 286720K, used 11220K [0x00000000e0000000, 0x00000000f6480000, 0x0000000100000000)
  eden space 242176K, 0% used [0x00000000e0000000,0x00000000e0000000,0x00000000eec80000)
  from space 44544K, 25% used [0x00000000eec80000,0x00000000ef7750d8,0x00000000f1800000)
  to   space 43008K, 0% used [0x00000000f3a80000,0x00000000f3a80000,0x00000000f6480000)
 ParOldGen       total 389632K, used 78004K [0x00000000a0000000, 0x00000000b7c80000, 0x00000000e0000000)
  object space 389632K, 20% used [0x00000000a0000000,0x00000000a4c2d278,0x00000000b7c80000)
 Metaspace       used 94957K, capacity 98780K, committed 99416K, reserved 1136640K
  class space    used 11733K, capacity 12448K, committed 12672K, reserved 1048576K
}

