# JRE version: OpenJDK Runtime Environment (8.0_152-b01) (build 1.8.0_152-release-1343-b01)
# Java VM: OpenJDK 64-Bit Server VM (25.152-b01 mixed mode windows-amd64 compressed oops)
Heap:
 PSYoungGen      total 416256K, used 342729K [0x00000000e0000000, 0x00000000ff180000, 0x0000000100000000)
  eden space 392192K, 82% used [0x00000000e0000000,0x00000000f3c1fe88,0x00000000f7f00000)
  from space 24064K, 79% used [0x00000000f9880000,0x00000000fab128f8,0x00000000fb000000)
  to   space 26112K, 0% used [0x00000000f7f00000,0x00000000f7f00000,0x00000000f9880000)
 ParOldGen       total 318464K, used 49018K [0x00000000a0000000, 0x00000000b3700000, 0x00000000e0000000)
  object space 318464K, 15% used [0x00000000a0000000,0x00000000a2fdebf0,0x00000000b3700000)
 Metaspace       used 92587K, capacity 96702K, committed 99096K, reserved 1136640K
  class space    used 11521K, capacity 12231K, committed 12568K, reserved 1048576K
GC Heap History (10 events):
Event: 316.232 GC heap before
{Heap before GC invocations=16 (full 3):
 PSYoungGen      total 349184K, used 347568K [0x00000000e0000000, 0x00000000f7800000, 0x0000000100000000)
  eden space 328704K, 100% used [0x00000000e0000000,0x00000000f4100000,0x00000000f4100000)
  from space 20480K, 92% used [0x00000000f6400000,0x00000000f766c010,0x00000000f7800000)
  to   space 28160K, 0% used [0x00000000f4100000,0x00000000f4100000,0x00000000f5c80000)
 ParOldGen       total 219136K, used 50622K [0x00000000a0000000, 0x00000000ad600000, 0x00000000e0000000)
  object space 219136K, 23% used [0x00000000a0000000,0x00000000a316fa68,0x00000000ad600000)
 Metaspace       used 90220K, capacity 93548K, committed 93848K, reserved 1130496K
  class space    used 11429K, capacity 12074K, committed 12184K, reserved 1048576K
Event: 316.390 GC heap after
Heap after GC invocations=16 (full 3):
 PSYoungGen      total 356864K, used 11065K [0x00000000e0000000, 0x00000000fca80000, 0x0000000100000000)
  eden space 328704K, 0% used [0x00000000e0000000,0x00000000e0000000,0x00000000f4100000)
  from space 28160K, 39% used [0x00000000f4100000,0x00000000f4bce460,0x00000000f5c80000)
  to   space 27648K, 0% used [0x00000000faf80000,0x00000000faf80000,0x00000000fca80000)
 ParOldGen       total 219136K, used 57063K [0x00000000a0000000, 0x00000000ad600000, 0x00000000e0000000)
  object space 219136K, 26% used [0x00000000a0000000,0x00000000a37b9ff8,0x00000000ad600000)
 Metaspace       used 90220K, capacity 93548K, committed 93848K, reserved 1130496K
  class space    used 11429K, capacity 12074K, committed 12184K, reserved 1048576K
}
Event: 992.001 GC heap before
{Heap before GC invocations=17 (full 3):
 PSYoungGen      total 356864K, used 339769K [0x00000000e0000000, 0x00000000fca80000, 0x0000000100000000)
  eden space 328704K, 100% used [0x00000000e0000000,0x00000000f4100000,0x00000000f4100000)
  from space 28160K, 39% used [0x00000000f4100000,0x00000000f4bce460,0x00000000f5c80000)
  to   space 27648K, 0% used [0x00000000faf80000,0x00000000faf80000,0x00000000fca80000)
 ParOldGen       total 219136K, used 57063K [0x00000000a0000000, 0x00000000ad600000, 0x00000000e0000000)
  object space 219136K, 26% used [0x00000000a0000000,0x00000000a37b9ff8,0x00000000ad600000)
 Metaspace       used 93500K, capacity 97170K, committed 97432K, reserved 1134592K
  class space    used 11671K, capacity 12365K, committed 12440K, reserved 1048576K
Event: 992.034 GC heap after
Heap after GC invocations=17 (full 3):
 PSYoungGen      total 415744K, used 14823K [0x00000000e0000000, 0x00000000fbe00000, 0x0000000100000000)
  eden space 400896K, 0% used [0x00000000e0000000,0x00000000e0000000,0x00000000f8780000)
  from space 14848K, 99% used [0x00000000faf80000,0x00000000fbdf9c30,0x00000000fbe00000)
  to   space 26624K, 0% used [0x00000000f8a00000,0x00000000f8a00000,0x00000000fa400000)
 ParOldGen       total 219136K, used 57071K [0x00000000a0000000, 0x00000000ad600000, 0x00000000e0000000)
  object space 219136K, 26% used [0x00000000a0000000,0x00000000a37bbff8,0x00000000ad600000)
 Metaspace       used 93500K, capacity 97170K, committed 97432K, reserved 1134592K
  class space    used 11671K, capacity 12365K, committed 12440K, reserved 1048576K
}
Event: 2045.811 GC heap before
{Heap before GC invocations=18 (full 3):
 PSYoungGen      total 415744K, used 201629K [0x00000000e0000000, 0x00000000fbe00000, 0x0000000100000000)
  eden space 400896K, 46% used [0x00000000e0000000,0x00000000eb66da70,0x00000000f8780000)
  from space 14848K, 99% used [0x00000000faf80000,0x00000000fbdf9c30,0x00000000fbe00000)
  to   space 26624K, 0% used [0x00000000f8a00000,0x00000000f8a00000,0x00000000fa400000)
 ParOldGen       total 219136K, used 57071K [0x00000000a0000000, 0x00000000ad600000, 0x00000000e0000000)
  object space 219136K, 26% used [0x00000000a0000000,0x00000000a37bbff8,0x00000000ad600000)
 Metaspace       used 94680K, capacity 98470K, committed 98584K, reserved 1134592K
  class space    used 11781K, capacity 12495K, committed 12568K, reserved 1048576K
Event: 2045.835 GC heap after
Heap after GC invocations=18 (full 3):
 PSYoungGen      total 402432K, used 14658K [0x00000000e0000000, 0x00000000fb000000, 0x0000000100000000)
  eden space 387584K, 0% used [0x00000000e0000000,0x00000000e0000000,0x00000000f7a80000)
  from space 14848K, 98% used [0x00000000f8a00000,0x00000000f9850900,0x00000000f9880000)
  to   space 24064K, 0% used [0x00000000f9880000,0x00000000f9880000,0x00000000fb000000)
 ParOldGen       total 219136K, used 57071K [0x00000000a0000000, 0x00000000ad600000, 0x00000000e0000000)
  object space 219136K, 26% used [0x00000000a0000000,0x00000000a37bbff8,0x00000000ad600000)
 Metaspace       used 94680K, capacity 98470K, committed 98584K, reserved 1134592K
  class space    used 11781K, capacity 12495K, committed 12568K, reserved 1048576K
}
Event: 2045.835 GC heap before
{Heap before GC invocations=19 (full 4):
 PSYoungGen      total 402432K, used 14658K [0x00000000e0000000, 0x00000000fb000000, 0x0000000100000000)
  eden space 387584K, 0% used [0x00000000e0000000,0x00000000e0000000,0x00000000f7a80000)
  from space 14848K, 98% used [0x00000000f8a00000,0x00000000f9850900,0x00000000f9880000)
  to   space 24064K, 0% used [0x00000000f9880000,0x00000000f9880000,0x00000000fb000000)
 ParOldGen       total 219136K, used 57071K [0x00000000a0000000, 0x00000000ad600000, 0x00000000e0000000)
  object space 219136K, 26% used [0x00000000a0000000,0x00000000a37bbff8,0x00000000ad600000)
 Metaspace       used 94680K, capacity 98470K, committed 98584K, reserved 1134592K
  class space    used 11781K, capacity 12495K, committed 12568K, reserved 1048576K
Event: 2046.447 GC heap after
Heap after GC invocations=19 (full 4):
 PSYoungGen      total 402432K, used 0K [0x00000000e0000000, 0x00000000fb000000, 0x0000000100000000)
  eden space 387584K, 0% used [0x00000000e0000000,0x00000000e0000000,0x00000000f7a80000)
  from space 14848K, 0% used [0x00000000f8a00000,0x00000000f8a00000,0x00000000f9880000)
  to   space 24064K, 0% used [0x00000000f9880000,0x00000000f9880000,0x00000000fb000000)
 ParOldGen       total 318464K, used 49010K [0x00000000a0000000, 0x00000000b3700000, 0x00000000e0000000)
  object space 318464K, 15% used [0x00000000a0000000,0x00000000a2fdcbf0,0x00000000b3700000)
 Metaspace       used 88573K, capacity 91890K, committed 98584K, reserved 1134592K
  class space    used 11221K, capacity 11851K, committed 12568K, reserved 1048576K
}
Event: 2522.988 GC heap before
{Heap before GC invocations=20 (full 4):
 PSYoungGen      total 402432K, used 387584K [0x00000000e0000000, 0x00000000fb000000, 0x0000000100000000)
  eden space 387584K, 100% used [0x00000000e0000000,0x00000000f7a80000,0x00000000f7a80000)
  from space 14848K, 0% used [0x00000000f8a00000,0x00000000f8a00000,0x00000000f9880000)
  to   space 24064K, 0% used [0x00000000f9880000,0x00000000f9880000,0x00000000fb000000)
 ParOldGen       total 318464K, used 49010K [0x00000000a0000000, 0x00000000b3700000, 0x00000000e0000000)
  object space 318464K, 15% used [0x00000000a0000000,0x00000000a2fdcbf0,0x00000000b3700000)
 Metaspace       used 90885K, capacity 94812K, committed 98840K, reserved 1136640K
  class space    used 11401K, capacity 12090K, committed 12568K, reserved 1048576K
Event: 2523.030 GC heap after
Heap after GC invocations=20 (full 4):
 PSYoungGen      total 416256K, used 19018K [0x00000000e0000000, 0x00000000ff180000, 0x0000000100000000)
  eden space 392192K, 0% used [0x00000000e0000000,0x00000000e0000000,0x00000000f7f00000)
  from space 24064K, 79% used [0x00000000f9880000,0x00000000fab128f8,0x00000000fb000000)
  to   space 26112K, 0% used [0x00000000f7f00000,0x00000000f7f00000,0x00000000f9880000)
 ParOldGen       total 318464K, used 49018K [0x00000000a0000000, 0x00000000b3700000, 0x00000000e0000000)
  object space 318464K, 15% used [0x00000000a0000000,0x00000000a2fdebf0,0x00000000b3700000)
 Metaspace       used 90885K, capacity 94812K, committed 98840K, reserved 1136640K
  class space    used 11401K, capacity 12090K, committed 12568K, reserved 1048576K
}

